Using pre-set license
Desktop is 3000 x 1920 @ 60 Hz

 COMMAND LINE ARGUMENTS:
Unity
-adb2
-batchMode
-noUpm
-name
AssetImportWorker0
-projectPath
/home/vagner/UnityProjects/MovementLib
-logFile
Logs/AssetImportWorker0.log
-srvPort
45573
Successfully changed project path to: /home/vagner/UnityProjects/MovementLib
/home/vagner/UnityProjects/MovementLib
Using Asset Import Pipeline V2.
Refreshing native plugins compatible for Editor in 9.64 ms, found 0 plugins.
Preloading 0 native plugins for Editor in 0.00 ms.
Initialize engine version: 2020.2.1f1 (270dd8c3da1c)
[Subsystems] Discovering subsystems at path /home/vagner/Unity/Hub/Editor/2020.2.1f1/Editor/Data/Resources/UnitySubsystems
[Subsystems] Discovering subsystems at path /home/vagner/UnityProjects/MovementLib/Assets
GLX Extensions: GLX_ARB_create_context GLX_ARB_create_context_no_error GLX_ARB_create_context_profile GLX_ARB_create_context_robustness GLX_ARB_fbconfig_float GLX_ARB_framebuffer_sRGB GLX_ARB_get_proc_address GLX_ARB_multisample GLX_EXT_buffer_age GLX_EXT_create_context_es2_profile GLX_EXT_create_context_es_profile GLX_EXT_fbconfig_packed_float GLX_EXT_framebuffer_sRGB GLX_EXT_import_context GLX_EXT_texture_from_pixmap GLX_EXT_visual_info GLX_EXT_visual_rating GLX_INTEL_swap_event GLX_MESA_copy_sub_buffer GLX_MESA_query_renderer GLX_MESA_swap_control GLX_OML_swap_method GLX_OML_sync_control GLX_SGIS_multisample GLX_SGIX_fbconfig GLX_SGIX_pbuffer GLX_SGIX_visual_select_group GLX_SGI_make_current_read GLX_SGI_swap_control GLX_SGI_video_sync 
Renderer: NV164
Vendor:   nouveau
Version:  4.3 (Core Profile) Mesa 20.2.1
GLES:     0
 GL_AMD_conservative_depth GL_AMD_draw_buffers_blend GL_AMD_gpu_shader_int64 GL_AMD_multi_draw_indirect GL_AMD_query_buffer_object GL_AMD_seamless_cubemap_per_texture GL_AMD_shader_trinary_minmax GL_AMD_texture_texture4 GL_AMD_vertex_shader_layer GL_AMD_vertex_shader_viewport_index GL_ANGLE_texture_compression_dxt3 GL_ANGLE_texture_compression_dxt5 GL_ARB_ES2_compatibility GL_ARB_ES3_1_compatibility GL_ARB_ES3_2_compatibility GL_ARB_ES3_compatibility GL_ARB_arrays_of_arrays GL_ARB_base_instance GL_ARB_bindless_texture GL_ARB_blend_func_extended GL_ARB_buffer_storage GL_ARB_clear_buffer_object GL_ARB_clear_texture GL_ARB_clip_control GL_ARB_color_buffer_float GL_ARB_compressed_texture_pixel_storage GL_ARB_compute_shader GL_ARB_compute_variable_group_size GL_ARB_conditional_render_inverted GL_ARB_conservative_depth GL_ARB_copy_buffer GL_ARB_copy_image GL_ARB_cull_distance GL_ARB_debug_output GL_ARB_depth_buffer_float GL_ARB_depth_clamp GL_ARB_derivative_control GL_ARB_direct_state_access GL_ARB_draw_buffers GL
_ARB_draw_buffers_blend GL_ARB_draw_elements_base_vertex GL_ARB_draw_indirect GL_ARB_draw_instanced GL_ARB_enhanced_layouts GL_ARB_explicit_attrib_location GL_ARB_explicit_uniform_location GL_ARB_fragment_coord_conventions GL_ARB_fragment_layer_viewport GL_ARB_fragment_shader GL_ARB_framebuffer_no_attachments GL_ARB_framebuffer_object GL_ARB_framebuffer_sRGB GL_ARB_get_program_binary GL_ARB_get_texture_sub_image GL_ARB_gl_spirv GL_ARB_gpu_shader5 GL_ARB_gpu_shader_fp64 GL_ARB_gpu_shader_int64 GL_ARB_half_float_pixel GL_ARB_half_float_vertex GL_ARB_indirect_parameters GL_ARB_instanced_arrays GL_ARB_internalformat_query GL_ARB_internalformat_query2 GL_ARB_invalidate_subdata GL_ARB_map_buffer_alignment GL_ARB_map_buffer_range GL_ARB_multi_bind GL_ARB_multi_draw_indirect GL_ARB_occlusion_query2 GL_ARB_parallel_shader_compile GL_ARB_pipeline_statistics_query GL_ARB_pixel_buffer_object GL_ARB_point_sprite GL_ARB_polygon_offset_clamp GL_ARB_post_depth_coverage GL_ARB_program_interface_query GL_ARB_provoking_vertex 
GL_ARB_query_buffer_object GL_ARB_robust_buffer_access_behavior GL_ARB_robustness GL_ARB_sample_locations GL_ARB_sample_shading GL_ARB_sampler_objects GL_ARB_seamless_cube_map GL_ARB_seamless_cubemap_per_texture GL_ARB_separate_shader_objects GL_ARB_shader_atomic_counter_ops GL_ARB_shader_atomic_counters GL_ARB_shader_ballot GL_ARB_shader_bit_encoding GL_ARB_shader_clock GL_ARB_shader_draw_parameters GL_ARB_shader_group_vote GL_ARB_shader_image_load_store GL_ARB_shader_image_size GL_ARB_shader_objects GL_ARB_shader_precision GL_ARB_shader_storage_buffer_object GL_ARB_shader_subroutine GL_ARB_shader_texture_image_samples GL_ARB_shader_texture_lod GL_ARB_shader_viewport_layer_array GL_ARB_shading_language_420pack GL_ARB_shading_language_include GL_ARB_shading_language_packing GL_ARB_spirv_extensions GL_ARB_stencil_texturing GL_ARB_sync GL_ARB_tessellation_shader GL_ARB_texture_barrier GL_ARB_texture_buffer_object GL_ARB_texture_buffer_object_rgb32 GL_ARB_texture_buffer_range GL_ARB_texture_compression_bptc GL_
ARB_texture_compression_rgtc GL_ARB_texture_cube_map_array GL_ARB_texture_filter_anisotropic GL_ARB_texture_float GL_ARB_texture_gather GL_ARB_texture_mirror_clamp_to_edge GL_ARB_texture_multisample GL_ARB_texture_non_power_of_two GL_ARB_texture_query_levels GL_ARB_texture_query_lod GL_ARB_texture_rectangle GL_ARB_texture_rg GL_ARB_texture_rgb10_a2ui GL_ARB_texture_stencil8 GL_ARB_texture_storage GL_ARB_texture_storage_multisample GL_ARB_texture_swizzle GL_ARB_texture_view GL_ARB_timer_query GL_ARB_transform_feedback2 GL_ARB_transform_feedback3 GL_ARB_transform_feedback_instanced GL_ARB_transform_feedback_overflow_query GL_ARB_uniform_buffer_object GL_ARB_vertex_array_bgra GL_ARB_vertex_array_object GL_ARB_vertex_attrib_64bit GL_ARB_vertex_attrib_binding GL_ARB_vertex_buffer_object GL_ARB_vertex_shader GL_ARB_vertex_type_10f_11f_11f_rev GL_ARB_vertex_type_2_10_10_10_rev GL_ARB_viewport_array GL_ATI_blend_equation_separate GL_ATI_texture_float GL_ATI_texture_mirror_once GL_EXT_EGL_image_storage GL_EXT_EGL_syn
c GL_EXT_abgr GL_EXT_blend_equation_separate GL_EXT_demote_to_helper_invocation GL_EXT_depth_bounds_test GL_EXT_draw_buffers2 GL_EXT_draw_instanced GL_EXT_framebuffer_blit GL_EXT_framebuffer_multisample GL_EXT_framebuffer_multisample_blit_scaled GL_EXT_framebuffer_object GL_EXT_framebuffer_sRGB GL_EXT_packed_depth_stencil GL_EXT_packed_float GL_EXT_pixel_buffer_object GL_EXT_polygon_offset_clamp GL_EXT_provoking_vertex GL_EXT_shader_image_load_store GL_EXT_shader_integer_mix GL_EXT_texture_array GL_EXT_texture_compression_dxt1 GL_EXT_texture_compression_rgtc GL_EXT_texture_compression_s3tc GL_EXT_texture_filter_anisotropic GL_EXT_texture_integer GL_EXT_texture_mirror_clamp GL_EXT_texture_sRGB GL_EXT_texture_sRGB_decode GL_EXT_texture_shadow_lod GL_EXT_texture_shared_exponent GL_EXT_texture_snorm GL_EXT_texture_swizzle GL_EXT_timer_query GL_EXT_transform_feedback GL_EXT_vertex_array_bgra GL_EXT_vertex_attrib_64bit GL_EXT_window_rectangles GL_IBM_multimode_draw_arrays GL_KHR_blend_equation_advanced GL_KHR_cont
ext_flush_control GL_KHR_debug GL_KHR_no_error GL_KHR_parallel_shader_compile GL_KHR_robust_buffer_access_behavior GL_KHR_robustness GL_KHR_texture_compression_astc_ldr GL_KHR_texture_compression_astc_sliced_3d GL_MESA_framebuffer_flip_y GL_MESA_pack_invert GL_MESA_shader_integer_functions GL_MESA_texture_signed_rgba GL_NV_conditional_render GL_NV_conservative_raster GL_NV_conservative_raster_dilate GL_NV_conservative_raster_pre_snap_triangles GL_NV_copy_image GL_NV_depth_clamp GL_NV_fill_rectangle GL_NV_packed_depth_stencil GL_NV_sample_locations GL_NV_texture_barrier GL_NV_vdpau_interop GL_NV_viewport_array2 GL_NV_viewport_swizzle GL_OES_EGL_image GL_S3_s3tc
OPENGL LOG: Creating OpenGL 4.3 graphics device ; Context level  <OpenGL 4.3> ; Context handle 322113488
Initialize mono
Mono path[0] = '/home/vagner/Unity/Hub/Editor/2020.2.1f1/Editor/Data/Managed'
Mono path[1] = '/home/vagner/Unity/Hub/Editor/2020.2.1f1/Editor/Data/MonoBleedingEdge/lib/mono/unityjit'
Mono config path = '/home/vagner/Unity/Hub/Editor/2020.2.1f1/Editor/Data/MonoBleedingEdge/etc'
Using monoOptions --debugger-agent=transport=dt_socket,embedding=1,server=y,suspend=n,address=127.0.0.1:56972
Begin MonoManager ReloadAssembly
Registering precompiled unity dll's ...
Register platform support module: /home/vagner/Unity/Hub/Editor/2020.2.1f1/Editor/Data/PlaybackEngines/LinuxStandaloneSupport/UnityEditor.LinuxStandalone.Extensions.dll
Registered in 0.001165 seconds.
Native extension for LinuxStandalone target not found
Refreshing native plugins compatible for Editor in 7.42 ms, found 0 plugins.
Preloading 0 native plugins for Editor in 0.00 ms.
Invoked RoslynAnalysisRunner static constructor.
RoslynAnalysisRunner will not be running.
RoslynAnalysisRunner has terminated.
Mono: successfully reloaded assembly
- Completed reload, in  1.009 seconds
Platform modules already initialized, skipping
Registering precompiled user dll's ...
Registered in 0.000098 seconds.
Begin MonoManager ReloadAssembly
Native extension for LinuxStandalone target not found
Refreshing native plugins compatible for Editor in 7.89 ms, found 0 plugins.
Preloading 0 native plugins for Editor in 0.00 ms.
Invoked RoslynAnalysisRunner static constructor.
RoslynAnalysisRunner will not be running.
RoslynAnalysisRunner has terminated.
Mono: successfully reloaded assembly
- Completed reload, in  0.746 seconds
Platform modules already initialized, skipping
========================================================================
Worker process is ready to serve import requests
Launched and connected shader compiler UnityShaderCompiler after 0.01 seconds
Refreshing native plugins compatible for Editor in 0.14 ms, found 0 plugins.
Preloading 0 native plugins for Editor in 0.00 ms.
Unloading 627 Unused Serialized files (Serialized files now loaded: 0)
System memory in use before: 40.4 MB.
System memory in use after: 40.4 MB.

Unloading 5 unused Assets to reduce memory usage. Loaded Objects now: 1065.
Total: 3.074972 ms (FindLiveObjects: 0.127230 ms CreateObjectMapping: 0.019930 ms MarkObjects: 2.800502 ms  DeleteObjects: 0.125750 ms)

========================================================================
Received Import Request.
  path: Assets/Samples/Input System/1.0.1/InputDeviceTester
  artifactKey: Guid(4a4e7cc8dc11da558a607105e24353ce) Importer(815301076,1909f56bfc062723c751e8b465ee728b)
Start importing Assets/Samples/Input System/1.0.1/InputDeviceTester using Guid(4a4e7cc8dc11da558a607105e24353ce) Importer(815301076,1909f56bfc062723c751e8b465ee728b)  -> (artifact id: '1a6a409d83e7b1ab76eb7227b76afba1') in 0.003427 seconds
  Import took 0.004957 seconds .

========================================================================
Received Import Request.
  Time since last request: 6.061771 seconds.
  path: Assets/Samples/Input System/1.0.1/InputDeviceTester/InputDeviceTester.asset
  artifactKey: Guid(5c4222eac5d064f888b070a9269a9150) Importer(815301076,1909f56bfc062723c751e8b465ee728b)
Start importing Assets/Samples/Input System/1.0.1/InputDeviceTester/InputDeviceTester.asset using Guid(5c4222eac5d064f888b070a9269a9150) Importer(815301076,1909f56bfc062723c751e8b465ee728b)  -> (artifact id: 'fcadda2eae3e929c97579c3d32763af3') in 0.012044 seconds
  Import took 0.013493 seconds .

========================================================================
Received Import Request.
  Time since last request: 1606.301706 seconds.
  path: Assets/Scripts/InputTester.cs
  artifactKey: Guid(740957e2ba6d3d0e985520c3f7b7120d) Importer(815301076,1909f56bfc062723c751e8b465ee728b)
Start importing Assets/Scripts/InputTester.cs using Guid(740957e2ba6d3d0e985520c3f7b7120d) Importer(815301076,1909f56bfc062723c751e8b465ee728b)  -> (artifact id: '5cba7ede00ed8f5651340d2ae39afd20') in 0.002070 seconds
  Import took 0.004015 seconds .

========================================================================
Received Import Request.
  Time since last request: 0.001393 seconds.
  path: Assets/Scripts/InputTester.cs
  artifactKey: Guid(740957e2ba6d3d0e985520c3f7b7120d) Importer(815301076,1909f56bfc062723c751e8b465ee728b)
Start importing Assets/Scripts/InputTester.cs using Guid(740957e2ba6d3d0e985520c3f7b7120d) Importer(815301076,1909f56bfc062723c751e8b465ee728b)  -> (artifact id: '5cba7ede00ed8f5651340d2ae39afd20') in 0.001773 seconds
  Import took 0.003562 seconds .

========================================================================
Received Prepare
Registering precompiled user dll's ...
Registered in 0.000075 seconds.
Begin MonoManager ReloadAssembly
Native extension for LinuxStandalone target not found
Refreshing native plugins compatible for Editor in 0.15 ms, found 0 plugins.
Preloading 0 native plugins for Editor in 0.00 ms.
Invoked RoslynAnalysisRunner static constructor.
RoslynAnalysisRunner will not be running.
RoslynAnalysisRunner has terminated.
Mono: successfully reloaded assembly
- Completed reload, in  0.712 seconds
Platform modules already initialized, skipping
Refreshing native plugins compatible for Editor in 0.10 ms, found 0 plugins.
Preloading 0 native plugins for Editor in 0.00 ms.
Unloading 623 Unused Serialized files (Serialized files now loaded: 0)
System memory in use before: 40.5 MB.
System memory in use after: 40.5 MB.

Unloading 1 unused Assets to reduce memory usage. Loaded Objects now: 1066.
Total: 2.191341 ms (FindLiveObjects: 0.113010 ms CreateObjectMapping: 0.018260 ms MarkObjects: 2.021631 ms  DeleteObjects: 0.037290 ms)

========================================================================
Received Prepare
Registering precompiled user dll's ...
Registered in 0.000041 seconds.
Begin MonoManager ReloadAssembly
Native extension for LinuxStandalone target not found
Refreshing native plugins compatible for Editor in 0.10 ms, found 0 plugins.
Preloading 0 native plugins for Editor in 0.00 ms.
Invoked RoslynAnalysisRunner static constructor.
RoslynAnalysisRunner will not be running.
RoslynAnalysisRunner has terminated.
Mono: successfully reloaded assembly
- Completed reload, in  0.700 seconds
Platform modules already initialized, skipping
Refreshing native plugins compatible for Editor in 0.10 ms, found 0 plugins.
Preloading 0 native plugins for Editor in 0.00 ms.
Unloading 623 Unused Serialized files (Serialized files now loaded: 0)
System memory in use before: 40.6 MB.
System memory in use after: 40.7 MB.

Unloading 1 unused Assets to reduce memory usage. Loaded Objects now: 1066.
Total: 2.630392 ms (FindLiveObjects: 0.092950 ms CreateObjectMapping: 0.014360 ms MarkObjects: 2.470142 ms  DeleteObjects: 0.051640 ms)

========================================================================
Received Import Request.
  Time since last request: 150.644859 seconds.
  path: Assets/Scripts/InputTester.cs
  artifactKey: Guid(740957e2ba6d3d0e985520c3f7b7120d) Importer(815301076,1909f56bfc062723c751e8b465ee728b)
Start importing Assets/Scripts/InputTester.cs using Guid(740957e2ba6d3d0e985520c3f7b7120d) Importer(815301076,1909f56bfc062723c751e8b465ee728b)  -> (artifact id: '99028e55357a2d92bb0d2d1d43370960') in 0.003637 seconds
  Import took 0.005477 seconds .

========================================================================
Received Import Request.
  Time since last request: 33.711854 seconds.
  path: Assets/Scripts/Test.cs
  artifactKey: Guid(8996f6997036c0154a2484d4f0d758bb) Importer(815301076,1909f56bfc062723c751e8b465ee728b)
Start importing Assets/Scripts/Test.cs using Guid(8996f6997036c0154a2484d4f0d758bb) Importer(815301076,1909f56bfc062723c751e8b465ee728b)  -> (artifact id: 'a5290acb71a60a790c6c46d3f83c5331') in 0.000997 seconds
  Import took 0.002693 seconds .

========================================================================
Received Prepare
Registering precompiled user dll's ...
Registered in 0.000061 seconds.
Begin MonoManager ReloadAssembly
Native extension for LinuxStandalone target not found
Refreshing native plugins compatible for Editor in 0.10 ms, found 0 plugins.
Preloading 0 native plugins for Editor in 0.00 ms.
Invoked RoslynAnalysisRunner static constructor.
RoslynAnalysisRunner will not be running.
RoslynAnalysisRunner has terminated.
Mono: successfully reloaded assembly
- Completed reload, in  0.681 seconds
Platform modules already initialized, skipping
Refreshing native plugins compatible for Editor in 0.13 ms, found 0 plugins.
Preloading 0 native plugins for Editor in 0.00 ms.
Unloading 622 Unused Serialized files (Serialized files now loaded: 0)
System memory in use before: 40.8 MB.
System memory in use after: 40.8 MB.

Unloading 2 unused Assets to reduce memory usage. Loaded Objects now: 1065.
Total: 3.303252 ms (FindLiveObjects: 0.152880 ms CreateObjectMapping: 0.028740 ms MarkObjects: 3.064412 ms  DeleteObjects: 0.055470 ms)

========================================================================
Received Prepare
Registering precompiled user dll's ...
Registered in 0.000050 seconds.
Begin MonoManager ReloadAssembly
Native extension for LinuxStandalone target not found
Refreshing native plugins compatible for Editor in 0.10 ms, found 0 plugins.
Preloading 0 native plugins for Editor in 0.00 ms.
Invoked RoslynAnalysisRunner static constructor.
RoslynAnalysisRunner will not be running.
RoslynAnalysisRunner has terminated.
Mono: successfully reloaded assembly
- Completed reload, in  0.697 seconds
Platform modules already initialized, skipping
Refreshing native plugins compatible for Editor in 0.10 ms, found 0 plugins.
Preloading 0 native plugins for Editor in 0.00 ms.
Unloading 622 Unused Serialized files (Serialized files now loaded: 0)
System memory in use before: 40.9 MB.
System memory in use after: 40.9 MB.

Unloading 1 unused Assets to reduce memory usage. Loaded Objects now: 1065.
Total: 2.220881 ms (FindLiveObjects: 0.099830 ms CreateObjectMapping: 0.017000 ms MarkObjects: 2.066101 ms  DeleteObjects: 0.036880 ms)

========================================================================
Received Import Request.
  Time since last request: 160.360028 seconds.
  path: Assets/Scripts/InputTester.cs
  artifactKey: Guid(740957e2ba6d3d0e985520c3f7b7120d) Importer(815301076,1909f56bfc062723c751e8b465ee728b)
Start importing Assets/Scripts/InputTester.cs using Guid(740957e2ba6d3d0e985520c3f7b7120d) Importer(815301076,1909f56bfc062723c751e8b465ee728b)  -> (artifact id: '3b4db5dcc55b649c4f260e5a81b7ef3c') in 0.003240 seconds
  Import took 0.004895 seconds .

========================================================================
Received Import Request.
  Time since last request: 0.001021 seconds.
  path: Assets/Scripts/InputTester.cs
  artifactKey: Guid(740957e2ba6d3d0e985520c3f7b7120d) Importer(815301076,1909f56bfc062723c751e8b465ee728b)
Start importing Assets/Scripts/InputTester.cs using Guid(740957e2ba6d3d0e985520c3f7b7120d) Importer(815301076,1909f56bfc062723c751e8b465ee728b)  -> (artifact id: '3b4db5dcc55b649c4f260e5a81b7ef3c') in 0.000793 seconds
  Import took 0.002052 seconds .

========================================================================
Received Prepare
Registering precompiled user dll's ...
Registered in 0.000063 seconds.
Begin MonoManager ReloadAssembly
Native extension for LinuxStandalone target not found
Refreshing native plugins compatible for Editor in 0.10 ms, found 0 plugins.
Preloading 0 native plugins for Editor in 0.00 ms.
Invoked RoslynAnalysisRunner static constructor.
RoslynAnalysisRunner will not be running.
RoslynAnalysisRunner has terminated.
Mono: successfully reloaded assembly
- Completed reload, in  0.693 seconds
Platform modules already initialized, skipping
Refreshing native plugins compatible for Editor in 0.10 ms, found 0 plugins.
Preloading 0 native plugins for Editor in 0.00 ms.
Unloading 622 Unused Serialized files (Serialized files now loaded: 0)
System memory in use before: 41.0 MB.
System memory in use after: 41.0 MB.

Unloading 1 unused Assets to reduce memory usage. Loaded Objects now: 1065.
Total: 3.055692 ms (FindLiveObjects: 0.090910 ms CreateObjectMapping: 0.017350 ms MarkObjects: 2.887422 ms  DeleteObjects: 0.057970 ms)

========================================================================
Received Import Request.
  Time since last request: 42.926680 seconds.
  path: Assets/Scripts/InputTester.cs
  artifactKey: Guid(740957e2ba6d3d0e985520c3f7b7120d) Importer(815301076,1909f56bfc062723c751e8b465ee728b)
Start importing Assets/Scripts/InputTester.cs using Guid(740957e2ba6d3d0e985520c3f7b7120d) Importer(815301076,1909f56bfc062723c751e8b465ee728b)  -> (artifact id: 'b22c97d4c38e3990e13a67a83fb4cf42') in 0.003524 seconds
  Import took 0.005202 seconds .

========================================================================
Received Import Request.
  Time since last request: 5.239097 seconds.
  path: Assets/Input
  artifactKey: Guid(f33e84d117e1f1888a724abe899e6cf4) Importer(815301076,1909f56bfc062723c751e8b465ee728b)
Start importing Assets/Input using Guid(f33e84d117e1f1888a724abe899e6cf4) Importer(815301076,1909f56bfc062723c751e8b465ee728b)  -> (artifact id: 'e4b2ebb8f98a470a592e59749c526484') in 0.001294 seconds
  Import took 0.002794 seconds .

========================================================================
Received Import Request.
  Time since last request: 0.000373 seconds.
  path: Assets/Input
  artifactKey: Guid(f33e84d117e1f1888a724abe899e6cf4) Importer(815301076,1909f56bfc062723c751e8b465ee728b)
Start importing Assets/Input using Guid(f33e84d117e1f1888a724abe899e6cf4) Importer(815301076,1909f56bfc062723c751e8b465ee728b)  -> (artifact id: 'e4b2ebb8f98a470a592e59749c526484') in 0.001119 seconds
  Import took 0.002400 seconds .

========================================================================
Received Import Request.
  Time since last request: 24.234816 seconds.
  path: Assets/Input/PlayerInput.inputactions
  artifactKey: Guid(006e8e251ce0d839096c5be9b93b918f) Importer(815301076,1909f56bfc062723c751e8b465ee728b)
Start importing Assets/Input/PlayerInput.inputactions using Guid(006e8e251ce0d839096c5be9b93b918f) Importer(815301076,1909f56bfc062723c751e8b465ee728b)  -> (artifact id: 'ff81733e896381d907e9a2a4c8c34b9e') in 0.015695 seconds
  Import took 0.017191 seconds .

========================================================================
Received Import Request.
  Time since last request: 79.759772 seconds.
  path: Assets/Input/PlayerActions.inputactions
  artifactKey: Guid(aac6513c687a784d89983759f078f6be) Importer(815301076,1909f56bfc062723c751e8b465ee728b)
Start importing Assets/Input/PlayerActions.inputactions using Guid(aac6513c687a784d89983759f078f6be) Importer(815301076,1909f56bfc062723c751e8b465ee728b)  -> (artifact id: '78a45d4226cd5f47ec8e7bb465f42f58') in 0.007852 seconds
  Import took 0.009678 seconds .

========================================================================
Received Import Request.
  Time since last request: 157.336988 seconds.
  path: Assets/Scripts/PlayerInputListener.cs
  artifactKey: Guid(1cb8113ef5639959ea5c3e08ababa651) Importer(815301076,1909f56bfc062723c751e8b465ee728b)
Start importing Assets/Scripts/PlayerInputListener.cs using Guid(1cb8113ef5639959ea5c3e08ababa651) Importer(815301076,1909f56bfc062723c751e8b465ee728b)  -> (artifact id: '13f46f14e2e7b5c27bfc0903ff9adf8c') in 0.002042 seconds
  Import took 0.004159 seconds .

========================================================================
Received Prepare
Registering precompiled user dll's ...
Registered in 0.000076 seconds.
Begin MonoManager ReloadAssembly
Native extension for LinuxStandalone target not found
Refreshing native plugins compatible for Editor in 0.16 ms, found 0 plugins.
Preloading 0 native plugins for Editor in 0.00 ms.
Invoked RoslynAnalysisRunner static constructor.
RoslynAnalysisRunner will not be running.
RoslynAnalysisRunner has terminated.
Mono: successfully reloaded assembly
- Completed reload, in  0.712 seconds
Platform modules already initialized, skipping
Refreshing native plugins compatible for Editor in 0.10 ms, found 0 plugins.
Preloading 0 native plugins for Editor in 0.00 ms.
Unloading 623 Unused Serialized files (Serialized files now loaded: 0)
System memory in use before: 41.2 MB.
System memory in use after: 41.2 MB.

Unloading 1 unused Assets to reduce memory usage. Loaded Objects now: 1066.
Total: 2.208721 ms (FindLiveObjects: 0.103960 ms CreateObjectMapping: 0.017540 ms MarkObjects: 2.049351 ms  DeleteObjects: 0.036950 ms)

========================================================================
Received Prepare
Registering precompiled user dll's ...
Registered in 0.000051 seconds.
Begin MonoManager ReloadAssembly
Native extension for LinuxStandalone target not found
Refreshing native plugins compatible for Editor in 0.14 ms, found 0 plugins.
Preloading 0 native plugins for Editor in 0.00 ms.
Invoked RoslynAnalysisRunner static constructor.
RoslynAnalysisRunner will not be running.
RoslynAnalysisRunner has terminated.
Mono: successfully reloaded assembly
- Completed reload, in  0.704 seconds
Platform modules already initialized, skipping
Refreshing native plugins compatible for Editor in 0.10 ms, found 0 plugins.
Preloading 0 native plugins for Editor in 0.00 ms.
Unloading 623 Unused Serialized files (Serialized files now loaded: 0)
System memory in use before: 41.3 MB.
System memory in use after: 41.3 MB.

Unloading 1 unused Assets to reduce memory usage. Loaded Objects now: 1066.
Total: 3.202782 ms (FindLiveObjects: 0.135040 ms CreateObjectMapping: 0.019490 ms MarkObjects: 2.995692 ms  DeleteObjects: 0.050640 ms)

========================================================================
Received Prepare
Registering precompiled user dll's ...
Registered in 0.000069 seconds.
Begin MonoManager ReloadAssembly
Native extension for LinuxStandalone target not found
Refreshing native plugins compatible for Editor in 0.14 ms, found 0 plugins.
Preloading 0 native plugins for Editor in 0.00 ms.
Invoked RoslynAnalysisRunner static constructor.
RoslynAnalysisRunner will not be running.
RoslynAnalysisRunner has terminated.
Mono: successfully reloaded assembly
- Completed reload, in  0.694 seconds
Platform modules already initialized, skipping
Refreshing native plugins compatible for Editor in 0.10 ms, found 0 plugins.
Preloading 0 native plugins for Editor in 0.00 ms.
Unloading 623 Unused Serialized files (Serialized files now loaded: 0)
System memory in use before: 41.4 MB.
System memory in use after: 41.5 MB.

Unloading 1 unused Assets to reduce memory usage. Loaded Objects now: 1066.
Total: 2.903602 ms (FindLiveObjects: 0.131480 ms CreateObjectMapping: 0.019860 ms MarkObjects: 2.691652 ms  DeleteObjects: 0.058770 ms)

========================================================================
Received Prepare
Registering precompiled user dll's ...
Registered in 0.000075 seconds.
Begin MonoManager ReloadAssembly
Native extension for LinuxStandalone target not found
Refreshing native plugins compatible for Editor in 0.14 ms, found 0 plugins.
Preloading 0 native plugins for Editor in 0.00 ms.
Invoked RoslynAnalysisRunner static constructor.
RoslynAnalysisRunner will not be running.
RoslynAnalysisRunner has terminated.
Mono: successfully reloaded assembly
- Completed reload, in  0.708 seconds
Platform modules already initialized, skipping
Refreshing native plugins compatible for Editor in 0.10 ms, found 0 plugins.
Preloading 0 native plugins for Editor in 0.00 ms.
Unloading 623 Unused Serialized files (Serialized files now loaded: 0)
System memory in use before: 41.5 MB.
System memory in use after: 41.6 MB.

Unloading 1 unused Assets to reduce memory usage. Loaded Objects now: 1066.
Total: 2.446272 ms (FindLiveObjects: 0.129800 ms CreateObjectMapping: 0.020850 ms MarkObjects: 2.252472 ms  DeleteObjects: 0.042040 ms)

========================================================================
Received Import Request.
  Time since last request: 157.640404 seconds.
  path: Assets/Input/CustomActions.inputactions
  artifactKey: Guid(1842d1bfc2983546dae1aaf2d52173a2) Importer(815301076,1909f56bfc062723c751e8b465ee728b)
Start importing Assets/Input/CustomActions.inputactions using Guid(1842d1bfc2983546dae1aaf2d52173a2) Importer(815301076,1909f56bfc062723c751e8b465ee728b)  -> (artifact id: '7541540898fc88ae7eda4c9679edee73') in 0.022506 seconds
  Import took 0.024303 seconds .

========================================================================
Received Import Request.
  Time since last request: 0.004005 seconds.
  path: Assets/Input/CustomActions.inputactions
  artifactKey: Guid(1842d1bfc2983546dae1aaf2d52173a2) Importer(815301076,1909f56bfc062723c751e8b465ee728b)
Start importing Assets/Input/CustomActions.inputactions using Guid(1842d1bfc2983546dae1aaf2d52173a2) Importer(815301076,1909f56bfc062723c751e8b465ee728b)  -> (artifact id: '7541540898fc88ae7eda4c9679edee73') in 0.001871 seconds
  Import took 0.003402 seconds .

========================================================================
Received Import Request.
  Time since last request: 230.834568 seconds.
  path: Assets/Input/CustomActions.inputactions
  artifactKey: Guid(1842d1bfc2983546dae1aaf2d52173a2) Importer(815301076,1909f56bfc062723c751e8b465ee728b)
Start importing Assets/Input/CustomActions.inputactions using Guid(1842d1bfc2983546dae1aaf2d52173a2) Importer(815301076,1909f56bfc062723c751e8b465ee728b)  -> (artifact id: 'f4f99e0c958c49e1705dbd095bc41929') in 0.004781 seconds
  Import took 0.006782 seconds .

========================================================================
Received Import Request.
  Time since last request: 0.017955 seconds.
  path: Assets/Input/CustomActions.inputactions
  artifactKey: Guid(1842d1bfc2983546dae1aaf2d52173a2) Importer(815301076,1909f56bfc062723c751e8b465ee728b)
Start importing Assets/Input/CustomActions.inputactions using Guid(1842d1bfc2983546dae1aaf2d52173a2) Importer(815301076,1909f56bfc062723c751e8b465ee728b)  -> (artifact id: 'f4f99e0c958c49e1705dbd095bc41929') in 0.002266 seconds
  Import took 0.004115 seconds .

========================================================================
Received Import Request.
  Time since last request: 54.648583 seconds.
  path: Assets/Input/CustomActions.inputactions
  artifactKey: Guid(1842d1bfc2983546dae1aaf2d52173a2) Importer(815301076,1909f56bfc062723c751e8b465ee728b)
Start importing Assets/Input/CustomActions.inputactions using Guid(1842d1bfc2983546dae1aaf2d52173a2) Importer(815301076,1909f56bfc062723c751e8b465ee728b)  -> (artifact id: '9b494852f75aed33c6899e6e9d21936b') in 0.002474 seconds
  Import took 0.004461 seconds .

========================================================================
Received Import Request.
  Time since last request: 47.843117 seconds.
  path: Assets/Scripts/CustomInputHandler.cs
  artifactKey: Guid(8e87b2c62c154e9e49e1f11b3f658d78) Importer(815301076,1909f56bfc062723c751e8b465ee728b)
Start importing Assets/Scripts/CustomInputHandler.cs using Guid(8e87b2c62c154e9e49e1f11b3f658d78) Importer(815301076,1909f56bfc062723c751e8b465ee728b)  -> (artifact id: 'cb331e5d23abfaed35da8397c4454a15') in 0.001404 seconds
  Import took 0.002914 seconds .

========================================================================
Received Import Request.
  Time since last request: 0.001304 seconds.
  path: Assets/Scripts/CustomInputHandler.cs
  artifactKey: Guid(8e87b2c62c154e9e49e1f11b3f658d78) Importer(815301076,1909f56bfc062723c751e8b465ee728b)
Start importing Assets/Scripts/CustomInputHandler.cs using Guid(8e87b2c62c154e9e49e1f11b3f658d78) Importer(815301076,1909f56bfc062723c751e8b465ee728b)  -> (artifact id: 'cb331e5d23abfaed35da8397c4454a15') in 0.000851 seconds
  Import took 0.002769 seconds .

========================================================================
Received Prepare
Registering precompiled user dll's ...
Registered in 0.000076 seconds.
Begin MonoManager ReloadAssembly
Native extension for LinuxStandalone target not found
Refreshing native plugins compatible for Editor in 0.16 ms, found 0 plugins.
Preloading 0 native plugins for Editor in 0.00 ms.
Invoked RoslynAnalysisRunner static constructor.
RoslynAnalysisRunner will not be running.
RoslynAnalysisRunner has terminated.
Mono: successfully reloaded assembly
- Completed reload, in  0.712 seconds
Platform modules already initialized, skipping
Refreshing native plugins compatible for Editor in 0.10 ms, found 0 plugins.
Preloading 0 native plugins for Editor in 0.00 ms.
Unloading 624 Unused Serialized files (Serialized files now loaded: 0)
System memory in use before: 41.7 MB.
System memory in use after: 41.7 MB.

Unloading 1 unused Assets to reduce memory usage. Loaded Objects now: 1067.
Total: 2.226141 ms (FindLiveObjects: 0.102410 ms CreateObjectMapping: 0.017180 ms MarkObjects: 2.069061 ms  DeleteObjects: 0.036400 ms)

========================================================================
Received Prepare
Registering precompiled user dll's ...
Registered in 0.000067 seconds.
Begin MonoManager ReloadAssembly
Native extension for LinuxStandalone target not found
Refreshing native plugins compatible for Editor in 0.16 ms, found 0 plugins.
Preloading 0 native plugins for Editor in 0.00 ms.
Invoked RoslynAnalysisRunner static constructor.
RoslynAnalysisRunner will not be running.
RoslynAnalysisRunner has terminated.
Mono: successfully reloaded assembly
- Completed reload, in  0.718 seconds
Platform modules already initialized, skipping
Refreshing native plugins compatible for Editor in 0.10 ms, found 0 plugins.
Preloading 0 native plugins for Editor in 0.00 ms.
Unloading 624 Unused Serialized files (Serialized files now loaded: 0)
System memory in use before: 41.8 MB.
System memory in use after: 41.9 MB.

Unloading 1 unused Assets to reduce memory usage. Loaded Objects now: 1067.
Total: 2.897912 ms (FindLiveObjects: 0.154050 ms CreateObjectMapping: 0.026210 ms MarkObjects: 2.662202 ms  DeleteObjects: 0.052880 ms)

========================================================================
Received Import Request.
  Time since last request: 243.211723 seconds.
  path: Assets/Scripts/CustomInputHandler.cs
  artifactKey: Guid(8e87b2c62c154e9e49e1f11b3f658d78) Importer(815301076,1909f56bfc062723c751e8b465ee728b)
Start importing Assets/Scripts/CustomInputHandler.cs using Guid(8e87b2c62c154e9e49e1f11b3f658d78) Importer(815301076,1909f56bfc062723c751e8b465ee728b)  -> (artifact id: '83afa9a5144021fe25b00bf6794581a5') in 0.003901 seconds
  Import took 0.006241 seconds .

========================================================================
Received Prepare
Registering precompiled user dll's ...
Registered in 0.000052 seconds.
Begin MonoManager ReloadAssembly
Native extension for LinuxStandalone target not found
Refreshing native plugins compatible for Editor in 0.14 ms, found 0 plugins.
Preloading 0 native plugins for Editor in 0.00 ms.
Invoked RoslynAnalysisRunner static constructor.
RoslynAnalysisRunner will not be running.
RoslynAnalysisRunner has terminated.
Mono: successfully reloaded assembly
- Completed reload, in  0.710 seconds
Platform modules already initialized, skipping
Refreshing native plugins compatible for Editor in 0.10 ms, found 0 plugins.
Preloading 0 native plugins for Editor in 0.00 ms.
Unloading 624 Unused Serialized files (Serialized files now loaded: 0)
System memory in use before: 41.9 MB.
System memory in use after: 42.0 MB.

Unloading 1 unused Assets to reduce memory usage. Loaded Objects now: 1067.
Total: 2.392222 ms (FindLiveObjects: 0.111290 ms CreateObjectMapping: 0.017490 ms MarkObjects: 2.219992 ms  DeleteObjects: 0.042390 ms)

========================================================================
Received Import Request.
  Time since last request: 628.477621 seconds.
  path: Assets/Input/ControlMap.inputactions
  artifactKey: Guid(1842d1bfc2983546dae1aaf2d52173a2) Importer(815301076,1909f56bfc062723c751e8b465ee728b)
Start importing Assets/Input/ControlMap.inputactions using Guid(1842d1bfc2983546dae1aaf2d52173a2) Importer(815301076,1909f56bfc062723c751e8b465ee728b)  -> (artifact id: '152a5fb5443aa479e680652b47d14c38') in 0.024762 seconds
  Import took 0.026517 seconds .

========================================================================
Received Import Request.
  Time since last request: 5.252378 seconds.
  path: Assets/Input/ControlMap.inputactions
  artifactKey: Guid(1842d1bfc2983546dae1aaf2d52173a2) Importer(815301076,1909f56bfc062723c751e8b465ee728b)
Start importing Assets/Input/ControlMap.inputactions using Guid(1842d1bfc2983546dae1aaf2d52173a2) Importer(815301076,1909f56bfc062723c751e8b465ee728b)  -> (artifact id: '9601f4e136b4eecc5a175970719ebaa2') in 0.002633 seconds
  Import took 0.004590 seconds .

========================================================================
Received Prepare
Registering precompiled user dll's ...
Registered in 0.000086 seconds.
Begin MonoManager ReloadAssembly
Native extension for LinuxStandalone target not found
Refreshing native plugins compatible for Editor in 0.10 ms, found 0 plugins.
Preloading 0 native plugins for Editor in 0.00 ms.
Invoked RoslynAnalysisRunner static constructor.
RoslynAnalysisRunner will not be running.
RoslynAnalysisRunner has terminated.
Mono: successfully reloaded assembly
- Completed reload, in  0.698 seconds
Platform modules already initialized, skipping
Refreshing native plugins compatible for Editor in 0.10 ms, found 0 plugins.
Preloading 0 native plugins for Editor in 0.00 ms.
Unloading 625 Unused Serialized files (Serialized files now loaded: 0)
System memory in use before: 42.1 MB.
System memory in use after: 42.2 MB.

Unloading 1 unused Assets to reduce memory usage. Loaded Objects now: 1068.
Total: 2.937932 ms (FindLiveObjects: 0.115710 ms CreateObjectMapping: 0.024470 ms MarkObjects: 2.752372 ms  DeleteObjects: 0.043910 ms)

========================================================================
Received Prepare
Registering precompiled user dll's ...
Registered in 0.000055 seconds.
Begin MonoManager ReloadAssembly
Native extension for LinuxStandalone target not found
Refreshing native plugins compatible for Editor in 0.10 ms, found 0 plugins.
Preloading 0 native plugins for Editor in 0.00 ms.
Invoked RoslynAnalysisRunner static constructor.
RoslynAnalysisRunner will not be running.
RoslynAnalysisRunner has terminated.
Mono: successfully reloaded assembly
- Completed reload, in  0.737 seconds
Platform modules already initialized, skipping
Refreshing native plugins compatible for Editor in 0.13 ms, found 0 plugins.
Preloading 0 native plugins for Editor in 0.00 ms.
Unloading 625 Unused Serialized files (Serialized files now loaded: 0)
System memory in use before: 42.2 MB.
System memory in use after: 42.2 MB.

Unloading 1 unused Assets to reduce memory usage. Loaded Objects now: 1068.
Total: 2.811832 ms (FindLiveObjects: 0.096140 ms CreateObjectMapping: 0.016070 ms MarkObjects: 2.652482 ms  DeleteObjects: 0.045920 ms)

========================================================================
Received Import Request.
  Time since last request: 201.796443 seconds.
  path: Assets/Input/ControlMap.cs
  artifactKey: Guid(76b4a32ebb468acd8b919d02bb7aa294) Importer(815301076,1909f56bfc062723c751e8b465ee728b)
Start importing Assets/Input/ControlMap.cs using Guid(76b4a32ebb468acd8b919d02bb7aa294) Importer(815301076,1909f56bfc062723c751e8b465ee728b)  -> (artifact id: '9413ec4b9ae0814987cdbaf37947619e') in 0.003921 seconds
  Import took 0.005914 seconds .

========================================================================
Received Import Request.
  Time since last request: 0.000595 seconds.
  path: Assets/Input/ControlMap.cs
  artifactKey: Guid(76b4a32ebb468acd8b919d02bb7aa294) Importer(815301076,1909f56bfc062723c751e8b465ee728b)
Start importing Assets/Input/ControlMap.cs using Guid(76b4a32ebb468acd8b919d02bb7aa294) Importer(815301076,1909f56bfc062723c751e8b465ee728b)  -> (artifact id: '9413ec4b9ae0814987cdbaf37947619e') in 0.001060 seconds
  Import took 0.002901 seconds .

========================================================================
Received Import Request.
  Time since last request: 66.412113 seconds.
  path: Assets/Input/ControlMap.cs
  artifactKey: Guid(76b4a32ebb468acd8b919d02bb7aa294) Importer(815301076,1909f56bfc062723c751e8b465ee728b)
Start importing Assets/Input/ControlMap.cs using Guid(76b4a32ebb468acd8b919d02bb7aa294) Importer(815301076,1909f56bfc062723c751e8b465ee728b)  -> (artifact id: '5f38a4be1ac4b7a2f7fbc0764a8e66b6') in 0.001520 seconds
  Import took 0.003361 seconds .

========================================================================
Received Import Request.
  Time since last request: 0.000621 seconds.
  path: Assets/Input/ControlMap.cs
  artifactKey: Guid(76b4a32ebb468acd8b919d02bb7aa294) Importer(815301076,1909f56bfc062723c751e8b465ee728b)
Start importing Assets/Input/ControlMap.cs using Guid(76b4a32ebb468acd8b919d02bb7aa294) Importer(815301076,1909f56bfc062723c751e8b465ee728b)  -> (artifact id: '5f38a4be1ac4b7a2f7fbc0764a8e66b6') in 0.001439 seconds
  Import took 0.003009 seconds .

========================================================================
Received Prepare
Registering precompiled user dll's ...
Registered in 0.000063 seconds.
Begin MonoManager ReloadAssembly
Native extension for LinuxStandalone target not found
Refreshing native plugins compatible for Editor in 0.10 ms, found 0 plugins.
Preloading 0 native plugins for Editor in 0.00 ms.
Invoked RoslynAnalysisRunner static constructor.
RoslynAnalysisRunner will not be running.
RoslynAnalysisRunner has terminated.
Mono: successfully reloaded assembly
- Completed reload, in  0.720 seconds
Platform modules already initialized, skipping
Refreshing native plugins compatible for Editor in 0.13 ms, found 0 plugins.
Preloading 0 native plugins for Editor in 0.00 ms.
Unloading 625 Unused Serialized files (Serialized files now loaded: 0)
System memory in use before: 42.4 MB.
System memory in use after: 42.4 MB.

Unloading 1 unused Assets to reduce memory usage. Loaded Objects now: 1068.
Total: 2.944722 ms (FindLiveObjects: 0.125020 ms CreateObjectMapping: 0.019610 ms MarkObjects: 2.750992 ms  DeleteObjects: 0.047740 ms)

========================================================================
Received Prepare
Registering precompiled user dll's ...
Registered in 0.000077 seconds.
Begin MonoManager ReloadAssembly
Native extension for LinuxStandalone target not found
Refreshing native plugins compatible for Editor in 0.10 ms, found 0 plugins.
Preloading 0 native plugins for Editor in 0.00 ms.
Invoked RoslynAnalysisRunner static constructor.
RoslynAnalysisRunner will not be running.
RoslynAnalysisRunner has terminated.
Mono: successfully reloaded assembly
- Completed reload, in  0.696 seconds
Platform modules already initialized, skipping
Refreshing native plugins compatible for Editor in 0.10 ms, found 0 plugins.
Preloading 0 native plugins for Editor in 0.00 ms.
Unloading 625 Unused Serialized files (Serialized files now loaded: 0)
System memory in use before: 42.4 MB.
System memory in use after: 42.4 MB.

Unloading 1 unused Assets to reduce memory usage. Loaded Objects now: 1068.
Total: 2.910532 ms (FindLiveObjects: 0.113490 ms CreateObjectMapping: 0.024390 ms MarkObjects: 2.726072 ms  DeleteObjects: 0.044910 ms)

========================================================================
Received Prepare
Registering precompiled user dll's ...
Registered in 0.000081 seconds.
Begin MonoManager ReloadAssembly
Native extension for LinuxStandalone target not found
Refreshing native plugins compatible for Editor in 0.10 ms, found 0 plugins.
Preloading 0 native plugins for Editor in 0.00 ms.
Invoked RoslynAnalysisRunner static constructor.
RoslynAnalysisRunner will not be running.
RoslynAnalysisRunner has terminated.
Mono: successfully reloaded assembly
- Completed reload, in  0.699 seconds
Platform modules already initialized, skipping
Refreshing native plugins compatible for Editor in 0.11 ms, found 0 plugins.
Preloading 0 native plugins for Editor in 0.00 ms.
Unloading 625 Unused Serialized files (Serialized files now loaded: 0)
System memory in use before: 41.6 MB.
System memory in use after: 41.6 MB.

Unloading 1 unused Assets to reduce memory usage. Loaded Objects now: 1068.
Total: 2.671892 ms (FindLiveObjects: 0.160021 ms CreateObjectMapping: 0.021810 ms MarkObjects: 2.446061 ms  DeleteObjects: 0.041810 ms)

========================================================================
Received Import Request.
  Time since last request: 560.677480 seconds.
  path: Assets/Scenes/SampleScene.unity
  artifactKey: Guid(9fc0d4010bbf28b4594072e72b8655ab) Importer(815301076,1909f56bfc062723c751e8b465ee728b)
Start importing Assets/Scenes/SampleScene.unity using Guid(9fc0d4010bbf28b4594072e72b8655ab) Importer(815301076,1909f56bfc062723c751e8b465ee728b)  -> (artifact id: '2a18dc20f47ee118d39af6007afe39a9') in 0.015850 seconds
  Import took 0.018050 seconds .

========================================================================
Received Import Request.
  Time since last request: 50.093116 seconds.
  path: Assets/Materials
  artifactKey: Guid(b47481907db64091fa5f813a16bbd819) Importer(815301076,1909f56bfc062723c751e8b465ee728b)
Start importing Assets/Materials using Guid(b47481907db64091fa5f813a16bbd819) Importer(815301076,1909f56bfc062723c751e8b465ee728b)  -> (artifact id: '723c997978345a606309c2157aedd014') in 0.001492 seconds
  Import took 0.003475 seconds .

========================================================================
Received Import Request.
  Time since last request: 0.000340 seconds.
  path: Assets/Materials
  artifactKey: Guid(b47481907db64091fa5f813a16bbd819) Importer(815301076,1909f56bfc062723c751e8b465ee728b)
Start importing Assets/Materials using Guid(b47481907db64091fa5f813a16bbd819) Importer(815301076,1909f56bfc062723c751e8b465ee728b)  -> (artifact id: '723c997978345a606309c2157aedd014') in 0.001581 seconds
  Import took 0.003046 seconds .

========================================================================
Received Import Request.
  Time since last request: 255.628289 seconds.
  path: Assets/Scripts/MovingSphere.cs
  artifactKey: Guid(21a210f2a2513e3939c324f3941ccd03) Importer(815301076,1909f56bfc062723c751e8b465ee728b)
Start importing Assets/Scripts/MovingSphere.cs using Guid(21a210f2a2513e3939c324f3941ccd03) Importer(815301076,1909f56bfc062723c751e8b465ee728b)  -> (artifact id: 'b9d9b6d8363a3b14f1b24ec0749e291e') in 0.002055 seconds
  Import took 0.003933 seconds .

========================================================================
Received Import Request.
  Time since last request: 0.002838 seconds.
  path: Assets/Scripts/MovingSphere.cs
  artifactKey: Guid(21a210f2a2513e3939c324f3941ccd03) Importer(815301076,1909f56bfc062723c751e8b465ee728b)
Start importing Assets/Scripts/MovingSphere.cs using Guid(21a210f2a2513e3939c324f3941ccd03) Importer(815301076,1909f56bfc062723c751e8b465ee728b)  -> (artifact id: 'b9d9b6d8363a3b14f1b24ec0749e291e') in 0.001414 seconds
  Import took 0.002991 seconds .

========================================================================
Received Prepare
Registering precompiled user dll's ...
Registered in 0.000080 seconds.
Begin MonoManager ReloadAssembly
Native extension for LinuxStandalone target not found
Refreshing native plugins compatible for Editor in 0.10 ms, found 0 plugins.
Preloading 0 native plugins for Editor in 0.00 ms.
Invoked RoslynAnalysisRunner static constructor.
RoslynAnalysisRunner will not be running.
RoslynAnalysisRunner has terminated.
Mono: successfully reloaded assembly
- Completed reload, in  0.765 seconds
Platform modules already initialized, skipping
Refreshing native plugins compatible for Editor in 0.10 ms, found 0 plugins.
Preloading 0 native plugins for Editor in 0.00 ms.
Unloading 626 Unused Serialized files (Serialized files now loaded: 0)
System memory in use before: 41.8 MB.
System memory in use after: 41.8 MB.

Unloading 1 unused Assets to reduce memory usage. Loaded Objects now: 1069.
Total: 3.312952 ms (FindLiveObjects: 0.174620 ms CreateObjectMapping: 0.029450 ms MarkObjects: 3.046952 ms  DeleteObjects: 0.059770 ms)

========================================================================
Received Import Request.
  Time since last request: 15.678834 seconds.
  path: Assets/Scripts/InputTests
  artifactKey: Guid(878a79090a5198b4ab67a437ef64d6d7) Importer(815301076,1909f56bfc062723c751e8b465ee728b)
Start importing Assets/Scripts/InputTests using Guid(878a79090a5198b4ab67a437ef64d6d7) Importer(815301076,1909f56bfc062723c751e8b465ee728b)  -> (artifact id: 'bcd9a16db5c3af8ae0dceefb35c7b1e2') in 0.004222 seconds
  Import took 0.006249 seconds .

========================================================================
Received Import Request.
  Time since last request: 0.008675 seconds.
  path: Assets/Scripts/InputTests
  artifactKey: Guid(878a79090a5198b4ab67a437ef64d6d7) Importer(815301076,1909f56bfc062723c751e8b465ee728b)
Start importing Assets/Scripts/InputTests using Guid(878a79090a5198b4ab67a437ef64d6d7) Importer(815301076,1909f56bfc062723c751e8b465ee728b)  -> (artifact id: 'bcd9a16db5c3af8ae0dceefb35c7b1e2') in 0.001581 seconds
  Import took 0.003502 seconds .

========================================================================
Received Import Request.
  Time since last request: 18.740570 seconds.
  path: Assets/Scripts/CustomInputHandler.cs
  artifactKey: Guid(8e87b2c62c154e9e49e1f11b3f658d78) Importer(815301076,1909f56bfc062723c751e8b465ee728b)
Start importing Assets/Scripts/CustomInputHandler.cs using Guid(8e87b2c62c154e9e49e1f11b3f658d78) Importer(815301076,1909f56bfc062723c751e8b465ee728b)  -> (artifact id: '4e0168ff6d620f9862f21560bbcbfd47') in 0.000794 seconds
  Import took 0.002259 seconds .

========================================================================
Received Import Request.
  Time since last request: 0.007419 seconds.
  path: Assets/Scripts/CustomInputHandler.cs
  artifactKey: Guid(8e87b2c62c154e9e49e1f11b3f658d78) Importer(815301076,1909f56bfc062723c751e8b465ee728b)
Start importing Assets/Scripts/CustomInputHandler.cs using Guid(8e87b2c62c154e9e49e1f11b3f658d78) Importer(815301076,1909f56bfc062723c751e8b465ee728b)  -> (artifact id: '4e0168ff6d620f9862f21560bbcbfd47') in 0.000824 seconds
  Import took 0.002292 seconds .

========================================================================
Received Prepare
Registering precompiled user dll's ...
Registered in 0.000069 seconds.
Begin MonoManager ReloadAssembly
Native extension for LinuxStandalone target not found
Refreshing native plugins compatible for Editor in 0.10 ms, found 0 plugins.
Preloading 0 native plugins for Editor in 0.00 ms.
Invoked RoslynAnalysisRunner static constructor.
RoslynAnalysisRunner will not be running.
RoslynAnalysisRunner has terminated.
Mono: successfully reloaded assembly
- Completed reload, in  0.740 seconds
Platform modules already initialized, skipping
Refreshing native plugins compatible for Editor in 0.10 ms, found 0 plugins.
Preloading 0 native plugins for Editor in 0.00 ms.
Unloading 626 Unused Serialized files (Serialized files now loaded: 0)
System memory in use before: 41.9 MB.
System memory in use after: 41.9 MB.

Unloading 1 unused Assets to reduce memory usage. Loaded Objects now: 1069.
Total: 3.155082 ms (FindLiveObjects: 0.121690 ms CreateObjectMapping: 0.025010 ms MarkObjects: 2.955272 ms  DeleteObjects: 0.051150 ms)

========================================================================
Received Prepare
Registering precompiled user dll's ...
Registered in 0.000130 seconds.
Begin MonoManager ReloadAssembly
Native extension for LinuxStandalone target not found
Refreshing native plugins compatible for Editor in 0.14 ms, found 0 plugins.
Preloading 0 native plugins for Editor in 0.00 ms.
Invoked RoslynAnalysisRunner static constructor.
RoslynAnalysisRunner will not be running.
RoslynAnalysisRunner has terminated.
Mono: successfully reloaded assembly
- Completed reload, in  0.743 seconds
Platform modules already initialized, skipping
Refreshing native plugins compatible for Editor in 0.15 ms, found 0 plugins.
Preloading 0 native plugins for Editor in 0.00 ms.
Unloading 626 Unused Serialized files (Serialized files now loaded: 0)
System memory in use before: 42.0 MB.
System memory in use after: 42.0 MB.

Unloading 1 unused Assets to reduce memory usage. Loaded Objects now: 1069.
Total: 3.305262 ms (FindLiveObjects: 0.166920 ms CreateObjectMapping: 0.025550 ms MarkObjects: 3.059022 ms  DeleteObjects: 0.052260 ms)

========================================================================
Received Prepare
Registering precompiled user dll's ...
Registered in 0.000121 seconds.
Begin MonoManager ReloadAssembly
Native extension for LinuxStandalone target not found
Refreshing native plugins compatible for Editor in 0.14 ms, found 0 plugins.
Preloading 0 native plugins for Editor in 0.00 ms.
Invoked RoslynAnalysisRunner static constructor.
RoslynAnalysisRunner will not be running.
RoslynAnalysisRunner has terminated.
Mono: successfully reloaded assembly
- Completed reload, in  0.743 seconds
Platform modules already initialized, skipping
Refreshing native plugins compatible for Editor in 0.13 ms, found 0 plugins.
Preloading 0 native plugins for Editor in 0.00 ms.
Unloading 626 Unused Serialized files (Serialized files now loaded: 0)
System memory in use before: 42.2 MB.
System memory in use after: 42.2 MB.

Unloading 1 unused Assets to reduce memory usage. Loaded Objects now: 1069.
Total: 3.355502 ms (FindLiveObjects: 0.148120 ms CreateObjectMapping: 0.028950 ms MarkObjects: 3.119282 ms  DeleteObjects: 0.057130 ms)

========================================================================
Received Prepare
Registering precompiled user dll's ...
Registered in 0.000083 seconds.
Begin MonoManager ReloadAssembly
Native extension for LinuxStandalone target not found
Refreshing native plugins compatible for Editor in 0.10 ms, found 0 plugins.
Preloading 0 native plugins for Editor in 0.00 ms.
Invoked RoslynAnalysisRunner static constructor.
RoslynAnalysisRunner will not be running.
RoslynAnalysisRunner has terminated.
Mono: successfully reloaded assembly
- Completed reload, in  0.723 seconds
Platform modules already initialized, skipping
Refreshing native plugins compatible for Editor in 0.13 ms, found 0 plugins.
Preloading 0 native plugins for Editor in 0.00 ms.
Unloading 626 Unused Serialized files (Serialized files now loaded: 0)
System memory in use before: 42.3 MB.
System memory in use after: 42.3 MB.

Unloading 1 unused Assets to reduce memory usage. Loaded Objects now: 1069.
Total: 3.276793 ms (FindLiveObjects: 0.111330 ms CreateObjectMapping: 0.017660 ms MarkObjects: 3.096243 ms  DeleteObjects: 0.050060 ms)

========================================================================
Received Prepare
Registering precompiled user dll's ...
Registered in 0.000203 seconds.
Begin MonoManager ReloadAssembly
Native extension for LinuxStandalone target not found
Refreshing native plugins compatible for Editor in 0.10 ms, found 0 plugins.
Preloading 0 native plugins for Editor in 0.00 ms.
Invoked RoslynAnalysisRunner static constructor.
RoslynAnalysisRunner will not be running.
RoslynAnalysisRunner has terminated.
Mono: successfully reloaded assembly
- Completed reload, in  0.743 seconds
Platform modules already initialized, skipping
Refreshing native plugins compatible for Editor in 0.13 ms, found 0 plugins.
Preloading 0 native plugins for Editor in 0.00 ms.
Unloading 626 Unused Serialized files (Serialized files now loaded: 0)
System memory in use before: 42.4 MB.
System memory in use after: 42.4 MB.

Unloading 1 unused Assets to reduce memory usage. Loaded Objects now: 1069.
Total: 2.797062 ms (FindLiveObjects: 0.126390 ms CreateObjectMapping: 0.019960 ms MarkObjects: 2.590432 ms  DeleteObjects: 0.058660 ms)

========================================================================
Received Prepare
Registering precompiled user dll's ...
Registered in 0.000097 seconds.
Begin MonoManager ReloadAssembly
Native extension for LinuxStandalone target not found
Refreshing native plugins compatible for Editor in 0.11 ms, found 0 plugins.
Preloading 0 native plugins for Editor in 0.00 ms.
Invoked RoslynAnalysisRunner static constructor.
RoslynAnalysisRunner will not be running.
RoslynAnalysisRunner has terminated.
Mono: successfully reloaded assembly
- Completed reload, in  0.796 seconds
Platform modules already initialized, skipping
Refreshing native plugins compatible for Editor in 0.10 ms, found 0 plugins.
Preloading 0 native plugins for Editor in 0.00 ms.
Unloading 626 Unused Serialized files (Serialized files now loaded: 0)
System memory in use before: 42.4 MB.
System memory in use after: 42.4 MB.

Unloading 1 unused Assets to reduce memory usage. Loaded Objects now: 1069.
Total: 3.176032 ms (FindLiveObjects: 0.119280 ms CreateObjectMapping: 0.017670 ms MarkObjects: 2.984042 ms  DeleteObjects: 0.053900 ms)

========================================================================
Received Prepare
Registering precompiled user dll's ...
Registered in 0.000122 seconds.
Begin MonoManager ReloadAssembly
Native extension for LinuxStandalone target not found
Refreshing native plugins compatible for Editor in 0.15 ms, found 0 plugins.
Preloading 0 native plugins for Editor in 0.00 ms.
Invoked RoslynAnalysisRunner static constructor.
RoslynAnalysisRunner will not be running.
RoslynAnalysisRunner has terminated.
Mono: successfully reloaded assembly
- Completed reload, in  0.762 seconds
Platform modules already initialized, skipping
Refreshing native plugins compatible for Editor in 0.14 ms, found 0 plugins.
Preloading 0 native plugins for Editor in 0.00 ms.
Unloading 626 Unused Serialized files (Serialized files now loaded: 0)
System memory in use before: 41.6 MB.
System memory in use after: 41.7 MB.

Unloading 1 unused Assets to reduce memory usage. Loaded Objects now: 1069.
Total: 3.947533 ms (FindLiveObjects: 0.161841 ms CreateObjectMapping: 0.028730 ms MarkObjects: 3.683672 ms  DeleteObjects: 0.070230 ms)

========================================================================
Received Prepare
Registering precompiled user dll's ...
Registered in 0.000098 seconds.
Begin MonoManager ReloadAssembly
Native extension for LinuxStandalone target not found
Refreshing native plugins compatible for Editor in 0.10 ms, found 0 plugins.
Preloading 0 native plugins for Editor in 0.00 ms.
Invoked RoslynAnalysisRunner static constructor.
RoslynAnalysisRunner will not be running.
RoslynAnalysisRunner has terminated.
Mono: successfully reloaded assembly
- Completed reload, in  0.744 seconds
Platform modules already initialized, skipping
Refreshing native plugins compatible for Editor in 0.13 ms, found 0 plugins.
Preloading 0 native plugins for Editor in 0.00 ms.
Unloading 626 Unused Serialized files (Serialized files now loaded: 0)
System memory in use before: 41.8 MB.
System memory in use after: 41.8 MB.

Unloading 1 unused Assets to reduce memory usage. Loaded Objects now: 1069.
Total: 2.949112 ms (FindLiveObjects: 0.133510 ms CreateObjectMapping: 0.022400 ms MarkObjects: 2.734382 ms  DeleteObjects: 0.057180 ms)

========================================================================
Received Prepare
Registering precompiled user dll's ...
Registered in 0.000131 seconds.
Begin MonoManager ReloadAssembly
Native extension for LinuxStandalone target not found
Refreshing native plugins compatible for Editor in 0.14 ms, found 0 plugins.
Preloading 0 native plugins for Editor in 0.00 ms.
Invoked RoslynAnalysisRunner static constructor.
RoslynAnalysisRunner will not be running.
RoslynAnalysisRunner has terminated.
Mono: successfully reloaded assembly
- Completed reload, in  0.738 seconds
Platform modules already initialized, skipping
Refreshing native plugins compatible for Editor in 0.14 ms, found 0 plugins.
Preloading 0 native plugins for Editor in 0.00 ms.
Unloading 626 Unused Serialized files (Serialized files now loaded: 0)
System memory in use before: 41.9 MB.
System memory in use after: 41.9 MB.

Unloading 1 unused Assets to reduce memory usage. Loaded Objects now: 1069.
Total: 3.010832 ms (FindLiveObjects: 0.127270 ms CreateObjectMapping: 0.024220 ms MarkObjects: 2.809142 ms  DeleteObjects: 0.048420 ms)

========================================================================
Received Prepare
Registering precompiled user dll's ...
Registered in 0.000076 seconds.
Begin MonoManager ReloadAssembly
Native extension for LinuxStandalone target not found
Refreshing native plugins compatible for Editor in 0.15 ms, found 0 plugins.
Preloading 0 native plugins for Editor in 0.00 ms.
Invoked RoslynAnalysisRunner static constructor.
RoslynAnalysisRunner will not be running.
RoslynAnalysisRunner has terminated.
Mono: successfully reloaded assembly
- Completed reload, in  0.782 seconds
Platform modules already initialized, skipping
Refreshing native plugins compatible for Editor in 0.11 ms, found 0 plugins.
Preloading 0 native plugins for Editor in 0.00 ms.
Unloading 626 Unused Serialized files (Serialized files now loaded: 0)
System memory in use before: 42.0 MB.
System memory in use after: 42.0 MB.

Unloading 1 unused Assets to reduce memory usage. Loaded Objects now: 1069.
Total: 2.591042 ms (FindLiveObjects: 0.140270 ms CreateObjectMapping: 0.017830 ms MarkObjects: 2.384332 ms  DeleteObjects: 0.046330 ms)

========================================================================
Received Prepare
Registering precompiled user dll's ...
Registered in 0.000094 seconds.
Begin MonoManager ReloadAssembly
Native extension for LinuxStandalone target not found
Refreshing native plugins compatible for Editor in 0.10 ms, found 0 plugins.
Preloading 0 native plugins for Editor in 0.00 ms.
Invoked RoslynAnalysisRunner static constructor.
RoslynAnalysisRunner will not be running.
RoslynAnalysisRunner has terminated.
Mono: successfully reloaded assembly
- Completed reload, in  0.734 seconds
Platform modules already initialized, skipping
Refreshing native plugins compatible for Editor in 0.10 ms, found 0 plugins.
Preloading 0 native plugins for Editor in 0.00 ms.
Unloading 626 Unused Serialized files (Serialized files now loaded: 0)
System memory in use before: 42.2 MB.
System memory in use after: 42.2 MB.

Unloading 1 unused Assets to reduce memory usage. Loaded Objects now: 1069.
Total: 4.087943 ms (FindLiveObjects: 0.161780 ms CreateObjectMapping: 0.025240 ms MarkObjects: 3.797263 ms  DeleteObjects: 0.101280 ms)

========================================================================
Received Prepare
Registering precompiled user dll's ...
Registered in 0.000065 seconds.
Begin MonoManager ReloadAssembly
Native extension for LinuxStandalone target not found
Refreshing native plugins compatible for Editor in 0.10 ms, found 0 plugins.
Preloading 0 native plugins for Editor in 0.00 ms.
Invoked RoslynAnalysisRunner static constructor.
RoslynAnalysisRunner will not be running.
RoslynAnalysisRunner has terminated.
Mono: successfully reloaded assembly
- Completed reload, in  0.739 seconds
Platform modules already initialized, skipping
Refreshing native plugins compatible for Editor in 0.10 ms, found 0 plugins.
Preloading 0 native plugins for Editor in 0.00 ms.
Unloading 626 Unused Serialized files (Serialized files now loaded: 0)
System memory in use before: 42.3 MB.
System memory in use after: 42.3 MB.

Unloading 1 unused Assets to reduce memory usage. Loaded Objects now: 1069.
Total: 3.342413 ms (FindLiveObjects: 0.140970 ms CreateObjectMapping: 0.024900 ms MarkObjects: 3.121193 ms  DeleteObjects: 0.053280 ms)

========================================================================
Received Prepare
Registering precompiled user dll's ...
Registered in 0.000156 seconds.
Begin MonoManager ReloadAssembly
Native extension for LinuxStandalone target not found
Refreshing native plugins compatible for Editor in 0.15 ms, found 0 plugins.
Preloading 0 native plugins for Editor in 0.00 ms.
Invoked RoslynAnalysisRunner static constructor.
RoslynAnalysisRunner will not be running.
RoslynAnalysisRunner has terminated.
Mono: successfully reloaded assembly
- Completed reload, in  0.763 seconds
Platform modules already initialized, skipping
Refreshing native plugins compatible for Editor in 0.14 ms, found 0 plugins.
Preloading 0 native plugins for Editor in 0.00 ms.
Unloading 626 Unused Serialized files (Serialized files now loaded: 0)
System memory in use before: 42.4 MB.
System memory in use after: 42.4 MB.

Unloading 1 unused Assets to reduce memory usage. Loaded Objects now: 1069.
Total: 2.348631 ms (FindLiveObjects: 0.105350 ms CreateObjectMapping: 0.018390 ms MarkObjects: 2.184591 ms  DeleteObjects: 0.039150 ms)

========================================================================
Received Prepare
Registering precompiled user dll's ...
Registered in 0.000097 seconds.
Begin MonoManager ReloadAssembly
Native extension for LinuxStandalone target not found
Refreshing native plugins compatible for Editor in 0.14 ms, found 0 plugins.
Preloading 0 native plugins for Editor in 0.00 ms.
Invoked RoslynAnalysisRunner static constructor.
RoslynAnalysisRunner will not be running.
RoslynAnalysisRunner has terminated.
Mono: successfully reloaded assembly
- Completed reload, in  0.747 seconds
Platform modules already initialized, skipping
Refreshing native plugins compatible for Editor in 0.10 ms, found 0 plugins.
Preloading 0 native plugins for Editor in 0.00 ms.
Unloading 626 Unused Serialized files (Serialized files now loaded: 0)
System memory in use before: 42.4 MB.
System memory in use after: 42.5 MB.

Unloading 1 unused Assets to reduce memory usage. Loaded Objects now: 1069.
Total: 2.762902 ms (FindLiveObjects: 0.107360 ms CreateObjectMapping: 0.020460 ms MarkObjects: 2.578042 ms  DeleteObjects: 0.055560 ms)

========================================================================
Received Import Request.
  Time since last request: 1477.731024 seconds.
  path: Assets/Input/ControlMap.inputactions
  artifactKey: Guid(1842d1bfc2983546dae1aaf2d52173a2) Importer(815301076,1909f56bfc062723c751e8b465ee728b)
Start importing Assets/Input/ControlMap.inputactions using Guid(1842d1bfc2983546dae1aaf2d52173a2) Importer(815301076,1909f56bfc062723c751e8b465ee728b)  -> (artifact id: '13e7ac9ca17b1d9c398a7080b20e1fb0') in 0.020032 seconds
  Import took 0.021919 seconds .

========================================================================
Received Prepare
Registering precompiled user dll's ...
Registered in 0.000127 seconds.
Begin MonoManager ReloadAssembly
Native extension for LinuxStandalone target not found
Refreshing native plugins compatible for Editor in 0.15 ms, found 0 plugins.
Preloading 0 native plugins for Editor in 0.00 ms.
Invoked RoslynAnalysisRunner static constructor.
RoslynAnalysisRunner will not be running.
RoslynAnalysisRunner has terminated.
Mono: successfully reloaded assembly
- Completed reload, in  0.751 seconds
Platform modules already initialized, skipping
Refreshing native plugins compatible for Editor in 0.10 ms, found 0 plugins.
Preloading 0 native plugins for Editor in 0.00 ms.
Unloading 626 Unused Serialized files (Serialized files now loaded: 0)
System memory in use before: 41.7 MB.
System memory in use after: 41.7 MB.

Unloading 1 unused Assets to reduce memory usage. Loaded Objects now: 1069.
Total: 2.434782 ms (FindLiveObjects: 0.133930 ms CreateObjectMapping: 0.020260 ms MarkObjects: 2.237132 ms  DeleteObjects: 0.041690 ms)

========================================================================
Received Prepare
Registering precompiled user dll's ...
Registered in 0.000106 seconds.
Begin MonoManager ReloadAssembly
Native extension for LinuxStandalone target not found
Refreshing native plugins compatible for Editor in 0.14 ms, found 0 plugins.
Preloading 0 native plugins for Editor in 0.00 ms.
Invoked RoslynAnalysisRunner static constructor.
RoslynAnalysisRunner will not be running.
RoslynAnalysisRunner has terminated.
Mono: successfully reloaded assembly
- Completed reload, in  0.751 seconds
Platform modules already initialized, skipping
Refreshing native plugins compatible for Editor in 0.10 ms, found 0 plugins.
Preloading 0 native plugins for Editor in 0.00 ms.
Unloading 626 Unused Serialized files (Serialized files now loaded: 0)
System memory in use before: 41.8 MB.
System memory in use after: 41.8 MB.

Unloading 1 unused Assets to reduce memory usage. Loaded Objects now: 1069.
Total: 1.823792 ms (FindLiveObjects: 0.081060 ms CreateObjectMapping: 0.014560 ms MarkObjects: 1.696781 ms  DeleteObjects: 0.030631 ms)

========================================================================
Received Prepare
Registering precompiled user dll's ...
Registered in 0.000077 seconds.
Begin MonoManager ReloadAssembly
Native extension for LinuxStandalone target not found
Refreshing native plugins compatible for Editor in 0.15 ms, found 0 plugins.
Preloading 0 native plugins for Editor in 0.00 ms.
Invoked RoslynAnalysisRunner static constructor.
RoslynAnalysisRunner will not be running.
RoslynAnalysisRunner has terminated.
Mono: successfully reloaded assembly
- Completed reload, in  0.774 seconds
Platform modules already initialized, skipping
Refreshing native plugins compatible for Editor in 0.14 ms, found 0 plugins.
Preloading 0 native plugins for Editor in 0.00 ms.
Unloading 626 Unused Serialized files (Serialized files now loaded: 0)
System memory in use before: 41.9 MB.
System memory in use after: 41.9 MB.

Unloading 1 unused Assets to reduce memory usage. Loaded Objects now: 1069.
Total: 2.657432 ms (FindLiveObjects: 0.123770 ms CreateObjectMapping: 0.019690 ms MarkObjects: 2.464192 ms  DeleteObjects: 0.048250 ms)

========================================================================
Received Prepare
Registering precompiled user dll's ...
Registered in 0.000166 seconds.
Begin MonoManager ReloadAssembly
Native extension for LinuxStandalone target not found
Refreshing native plugins compatible for Editor in 0.15 ms, found 0 plugins.
Preloading 0 native plugins for Editor in 0.00 ms.
Invoked RoslynAnalysisRunner static constructor.
RoslynAnalysisRunner will not be running.
RoslynAnalysisRunner has terminated.
Mono: successfully reloaded assembly
- Completed reload, in  0.748 seconds
Platform modules already initialized, skipping
Refreshing native plugins compatible for Editor in 0.14 ms, found 0 plugins.
Preloading 0 native plugins for Editor in 0.00 ms.
Unloading 626 Unused Serialized files (Serialized files now loaded: 0)
System memory in use before: 42.0 MB.
System memory in use after: 42.0 MB.

Unloading 1 unused Assets to reduce memory usage. Loaded Objects now: 1069.
Total: 3.177922 ms (FindLiveObjects: 0.126140 ms CreateObjectMapping: 0.021040 ms MarkObjects: 2.976802 ms  DeleteObjects: 0.052450 ms)

========================================================================
Received Prepare
Registering precompiled user dll's ...
Registered in 0.000084 seconds.
Begin MonoManager ReloadAssembly
Native extension for LinuxStandalone target not found
Refreshing native plugins compatible for Editor in 0.10 ms, found 0 plugins.
Preloading 0 native plugins for Editor in 0.00 ms.
Invoked RoslynAnalysisRunner static constructor.
RoslynAnalysisRunner will not be running.
RoslynAnalysisRunner has terminated.
Mono: successfully reloaded assembly
- Completed reload, in  0.747 seconds
Platform modules already initialized, skipping
Refreshing native plugins compatible for Editor in 0.13 ms, found 0 plugins.
Preloading 0 native plugins for Editor in 0.00 ms.
Unloading 626 Unused Serialized files (Serialized files now loaded: 0)
System memory in use before: 42.2 MB.
System memory in use after: 42.2 MB.

Unloading 1 unused Assets to reduce memory usage. Loaded Objects now: 1069.
Total: 3.106972 ms (FindLiveObjects: 0.077790 ms CreateObjectMapping: 0.013860 ms MarkObjects: 2.965742 ms  DeleteObjects: 0.048560 ms)

========================================================================
Received Import Request.
  Time since last request: 20411.267695 seconds.
  path: Assets/Scripts/MovingSphere.cs
  artifactKey: Guid(21a210f2a2513e3939c324f3941ccd03) Importer(815301076,1909f56bfc062723c751e8b465ee728b)
Start importing Assets/Scripts/MovingSphere.cs using Guid(21a210f2a2513e3939c324f3941ccd03) Importer(815301076,1909f56bfc062723c751e8b465ee728b)  -> (artifact id: '6ab4e8d3cc439fb14d24e6e7536c6c51') in 0.003343 seconds
  Import took 0.004980 seconds .

========================================================================
Received Import Request.
  Time since last request: 0.003381 seconds.
  path: Assets/Scripts/MovingSphere.cs
  artifactKey: Guid(21a210f2a2513e3939c324f3941ccd03) Importer(815301076,1909f56bfc062723c751e8b465ee728b)
Start importing Assets/Scripts/MovingSphere.cs using Guid(21a210f2a2513e3939c324f3941ccd03) Importer(815301076,1909f56bfc062723c751e8b465ee728b)  -> (artifact id: '6ab4e8d3cc439fb14d24e6e7536c6c51') in 0.000637 seconds
  Import took 0.001740 seconds .

========================================================================
Received Prepare
Registering precompiled user dll's ...
Registered in 0.000098 seconds.
Begin MonoManager ReloadAssembly
Native extension for LinuxStandalone target not found
Refreshing native plugins compatible for Editor in 0.16 ms, found 0 plugins.
Preloading 0 native plugins for Editor in 0.00 ms.
Invoked RoslynAnalysisRunner static constructor.
RoslynAnalysisRunner will not be running.
RoslynAnalysisRunner has terminated.
Mono: successfully reloaded assembly
- Completed reload, in  0.788 seconds
Platform modules already initialized, skipping
Refreshing native plugins compatible for Editor in 0.18 ms, found 0 plugins.
Preloading 0 native plugins for Editor in 0.00 ms.
Unloading 626 Unused Serialized files (Serialized files now loaded: 0)
System memory in use before: 42.3 MB.
System memory in use after: 42.3 MB.

Unloading 1 unused Assets to reduce memory usage. Loaded Objects now: 1069.
Total: 3.373133 ms (FindLiveObjects: 0.156570 ms CreateObjectMapping: 0.032870 ms MarkObjects: 3.126973 ms  DeleteObjects: 0.054640 ms)

========================================================================
Received Import Request.
  Time since last request: 1307.809424 seconds.
  path: Assets/Scripts/MovingSphere.cs
  artifactKey: Guid(21a210f2a2513e3939c324f3941ccd03) Importer(815301076,1909f56bfc062723c751e8b465ee728b)
Start importing Assets/Scripts/MovingSphere.cs using Guid(21a210f2a2513e3939c324f3941ccd03) Importer(815301076,1909f56bfc062723c751e8b465ee728b)  -> (artifact id: '74f910b4e8c67b177a616f73ea3a9835') in 0.003018 seconds
  Import took 0.004522 seconds .

========================================================================
Received Prepare
Registering precompiled user dll's ...
Registered in 0.000096 seconds.
Begin MonoManager ReloadAssembly
Native extension for LinuxStandalone target not found
Refreshing native plugins compatible for Editor in 0.10 ms, found 0 plugins.
Preloading 0 native plugins for Editor in 0.00 ms.
Invoked RoslynAnalysisRunner static constructor.
RoslynAnalysisRunner will not be running.
RoslynAnalysisRunner has terminated.
Mono: successfully reloaded assembly
- Completed reload, in  0.746 seconds
Platform modules already initialized, skipping
Refreshing native plugins compatible for Editor in 0.10 ms, found 0 plugins.
Preloading 0 native plugins for Editor in 0.00 ms.
Unloading 626 Unused Serialized files (Serialized files now loaded: 0)
System memory in use before: 42.4 MB.
System memory in use after: 42.4 MB.

Unloading 1 unused Assets to reduce memory usage. Loaded Objects now: 1069.
Total: 3.382603 ms (FindLiveObjects: 0.170480 ms CreateObjectMapping: 0.034280 ms MarkObjects: 3.119173 ms  DeleteObjects: 0.056340 ms)

========================================================================
Received Import Request.
  Time since last request: 41.964377 seconds.
  path: Assets/Scripts/MovingSphere.cs
  artifactKey: Guid(21a210f2a2513e3939c324f3941ccd03) Importer(815301076,1909f56bfc062723c751e8b465ee728b)
Start importing Assets/Scripts/MovingSphere.cs using Guid(21a210f2a2513e3939c324f3941ccd03) Importer(815301076,1909f56bfc062723c751e8b465ee728b)  -> (artifact id: 'e242219ec6a07f0376a7c04ce06681b6') in 0.003807 seconds
  Import took 0.005699 seconds .

========================================================================
Received Prepare
Registering precompiled user dll's ...
Registered in 0.000067 seconds.
Begin MonoManager ReloadAssembly
Native extension for LinuxStandalone target not found
Refreshing native plugins compatible for Editor in 0.15 ms, found 0 plugins.
Preloading 0 native plugins for Editor in 0.00 ms.
Invoked RoslynAnalysisRunner static constructor.
RoslynAnalysisRunner will not be running.
RoslynAnalysisRunner has terminated.
Mono: successfully reloaded assembly
- Completed reload, in  0.768 seconds
Platform modules already initialized, skipping
Refreshing native plugins compatible for Editor in 0.14 ms, found 0 plugins.
Preloading 0 native plugins for Editor in 0.00 ms.
Unloading 626 Unused Serialized files (Serialized files now loaded: 0)
System memory in use before: 42.5 MB.
System memory in use after: 42.5 MB.

Unloading 1 unused Assets to reduce memory usage. Loaded Objects now: 1069.
Total: 9.515857 ms (FindLiveObjects: 0.117810 ms CreateObjectMapping: 0.016550 ms MarkObjects: 9.323957 ms  DeleteObjects: 0.055400 ms)

========================================================================
Received Prepare
Registering precompiled user dll's ...
Registered in 0.000138 seconds.
Begin MonoManager ReloadAssembly
Native extension for LinuxStandalone target not found
Refreshing native plugins compatible for Editor in 0.14 ms, found 0 plugins.
Preloading 0 native plugins for Editor in 0.00 ms.
Invoked RoslynAnalysisRunner static constructor.
RoslynAnalysisRunner will not be running.
RoslynAnalysisRunner has terminated.
Mono: successfully reloaded assembly
- Completed reload, in  0.843 seconds
Platform modules already initialized, skipping
Refreshing native plugins compatible for Editor in 0.16 ms, found 0 plugins.
Preloading 0 native plugins for Editor in 0.00 ms.
Unloading 626 Unused Serialized files (Serialized files now loaded: 0)
System memory in use before: 41.7 MB.
System memory in use after: 41.7 MB.

Unloading 1 unused Assets to reduce memory usage. Loaded Objects now: 1069.
Total: 3.862983 ms (FindLiveObjects: 0.165080 ms CreateObjectMapping: 0.043630 ms MarkObjects: 3.595083 ms  DeleteObjects: 0.056810 ms)

========================================================================
Received Prepare
Registering precompiled user dll's ...
Registered in 0.000078 seconds.
Begin MonoManager ReloadAssembly
Native extension for LinuxStandalone target not found
Refreshing native plugins compatible for Editor in 0.15 ms, found 0 plugins.
Preloading 0 native plugins for Editor in 0.00 ms.
Invoked RoslynAnalysisRunner static constructor.
RoslynAnalysisRunner will not be running.
RoslynAnalysisRunner has terminated.
Mono: successfully reloaded assembly
- Completed reload, in  0.772 seconds
Platform modules already initialized, skipping
Refreshing native plugins compatible for Editor in 0.10 ms, found 0 plugins.
Preloading 0 native plugins for Editor in 0.00 ms.
Unloading 626 Unused Serialized files (Serialized files now loaded: 0)
System memory in use before: 41.8 MB.
System memory in use after: 41.8 MB.

Unloading 1 unused Assets to reduce memory usage. Loaded Objects now: 1069.
Total: 3.478193 ms (FindLiveObjects: 0.137020 ms CreateObjectMapping: 0.018450 ms MarkObjects: 3.259273 ms  DeleteObjects: 0.061310 ms)

========================================================================
Received Prepare
Registering precompiled user dll's ...
Registered in 0.000127 seconds.
Begin MonoManager ReloadAssembly
Native extension for LinuxStandalone target not found
Refreshing native plugins compatible for Editor in 0.15 ms, found 0 plugins.
Preloading 0 native plugins for Editor in 0.00 ms.
Invoked RoslynAnalysisRunner static constructor.
RoslynAnalysisRunner will not be running.
RoslynAnalysisRunner has terminated.
Mono: successfully reloaded assembly
- Completed reload, in  0.802 seconds
Platform modules already initialized, skipping
Refreshing native plugins compatible for Editor in 0.10 ms, found 0 plugins.
Preloading 0 native plugins for Editor in 0.00 ms.
Unloading 626 Unused Serialized files (Serialized files now loaded: 0)
System memory in use before: 41.9 MB.
System memory in use after: 41.9 MB.

Unloading 1 unused Assets to reduce memory usage. Loaded Objects now: 1069.
Total: 3.381303 ms (FindLiveObjects: 0.170690 ms CreateObjectMapping: 0.029750 ms MarkObjects: 3.124833 ms  DeleteObjects: 0.053630 ms)

========================================================================
Received Prepare
Registering precompiled user dll's ...
Registered in 0.000068 seconds.
Begin MonoManager ReloadAssembly
Native extension for LinuxStandalone target not found
Refreshing native plugins compatible for Editor in 0.15 ms, found 0 plugins.
Preloading 0 native plugins for Editor in 0.00 ms.
Invoked RoslynAnalysisRunner static constructor.
RoslynAnalysisRunner will not be running.
RoslynAnalysisRunner has terminated.
Mono: successfully reloaded assembly
- Completed reload, in  0.787 seconds
Platform modules already initialized, skipping
Refreshing native plugins compatible for Editor in 0.16 ms, found 0 plugins.
Preloading 0 native plugins for Editor in 0.00 ms.
Unloading 626 Unused Serialized files (Serialized files now loaded: 0)
System memory in use before: 42.0 MB.
System memory in use after: 42.0 MB.

Unloading 1 unused Assets to reduce memory usage. Loaded Objects now: 1069.
Total: 2.775292 ms (FindLiveObjects: 0.133610 ms CreateObjectMapping: 0.015910 ms MarkObjects: 2.573042 ms  DeleteObjects: 0.050880 ms)

========================================================================
Received Prepare
Registering precompiled user dll's ...
Registered in 0.000129 seconds.
Begin MonoManager ReloadAssembly
Native extension for LinuxStandalone target not found
Refreshing native plugins compatible for Editor in 0.11 ms, found 0 plugins.
Preloading 0 native plugins for Editor in 0.00 ms.
Invoked RoslynAnalysisRunner static constructor.
RoslynAnalysisRunner will not be running.
RoslynAnalysisRunner has terminated.
Mono: successfully reloaded assembly
- Completed reload, in  0.752 seconds
Platform modules already initialized, skipping
Refreshing native plugins compatible for Editor in 0.11 ms, found 0 plugins.
Preloading 0 native plugins for Editor in 0.00 ms.
Unloading 626 Unused Serialized files (Serialized files now loaded: 0)
System memory in use before: 42.2 MB.
System memory in use after: 42.2 MB.

Unloading 1 unused Assets to reduce memory usage. Loaded Objects now: 1069.
Total: 3.005092 ms (FindLiveObjects: 0.132330 ms CreateObjectMapping: 0.017300 ms MarkObjects: 2.802562 ms  DeleteObjects: 0.051540 ms)

========================================================================
Received Prepare
Registering precompiled user dll's ...
Registered in 0.000170 seconds.
Begin MonoManager ReloadAssembly
Native extension for LinuxStandalone target not found
Refreshing native plugins compatible for Editor in 0.14 ms, found 0 plugins.
Preloading 0 native plugins for Editor in 0.00 ms.
Invoked RoslynAnalysisRunner static constructor.
RoslynAnalysisRunner will not be running.
RoslynAnalysisRunner has terminated.
Mono: successfully reloaded assembly
- Completed reload, in  0.787 seconds
Platform modules already initialized, skipping
Refreshing native plugins compatible for Editor in 0.10 ms, found 0 plugins.
Preloading 0 native plugins for Editor in 0.00 ms.
Unloading 626 Unused Serialized files (Serialized files now loaded: 0)
System memory in use before: 42.3 MB.
System memory in use after: 42.3 MB.

Unloading 1 unused Assets to reduce memory usage. Loaded Objects now: 1069.
Total: 2.994002 ms (FindLiveObjects: 0.141190 ms CreateObjectMapping: 0.024840 ms MarkObjects: 2.778522 ms  DeleteObjects: 0.048010 ms)

========================================================================
Received Prepare
Registering precompiled user dll's ...
Registered in 0.000130 seconds.
Begin MonoManager ReloadAssembly
Native extension for LinuxStandalone target not found
Refreshing native plugins compatible for Editor in 0.14 ms, found 0 plugins.
Preloading 0 native plugins for Editor in 0.00 ms.
Invoked RoslynAnalysisRunner static constructor.
RoslynAnalysisRunner will not be running.
RoslynAnalysisRunner has terminated.
Mono: successfully reloaded assembly
- Completed reload, in  0.802 seconds
Platform modules already initialized, skipping
Refreshing native plugins compatible for Editor in 0.11 ms, found 0 plugins.
Preloading 0 native plugins for Editor in 0.00 ms.
Unloading 626 Unused Serialized files (Serialized files now loaded: 0)
System memory in use before: 42.4 MB.
System memory in use after: 42.4 MB.

Unloading 1 unused Assets to reduce memory usage. Loaded Objects now: 1069.
Total: 3.386962 ms (FindLiveObjects: 0.096990 ms CreateObjectMapping: 0.014360 ms MarkObjects: 3.217432 ms  DeleteObjects: 0.056510 ms)

========================================================================
Received Prepare
Registering precompiled user dll's ...
Registered in 0.000184 seconds.
Begin MonoManager ReloadAssembly
Native extension for LinuxStandalone target not found
Refreshing native plugins compatible for Editor in 0.10 ms, found 0 plugins.
Preloading 0 native plugins for Editor in 0.00 ms.
Invoked RoslynAnalysisRunner static constructor.
RoslynAnalysisRunner will not be running.
RoslynAnalysisRunner has terminated.
Mono: successfully reloaded assembly
- Completed reload, in  0.772 seconds
Platform modules already initialized, skipping
Refreshing native plugins compatible for Editor in 0.13 ms, found 0 plugins.
Preloading 0 native plugins for Editor in 0.00 ms.
Unloading 626 Unused Serialized files (Serialized files now loaded: 0)
System memory in use before: 42.5 MB.
System memory in use after: 42.5 MB.

Unloading 1 unused Assets to reduce memory usage. Loaded Objects now: 1069.
Total: 3.380973 ms (FindLiveObjects: 0.179790 ms CreateObjectMapping: 0.032570 ms MarkObjects: 3.112263 ms  DeleteObjects: 0.054630 ms)

========================================================================
Received Prepare
Registering precompiled user dll's ...
Registered in 0.000168 seconds.
Begin MonoManager ReloadAssembly
Native extension for LinuxStandalone target not found
Refreshing native plugins compatible for Editor in 0.14 ms, found 0 plugins.
Preloading 0 native plugins for Editor in 0.00 ms.
Invoked RoslynAnalysisRunner static constructor.
RoslynAnalysisRunner will not be running.
RoslynAnalysisRunner has terminated.
Mono: successfully reloaded assembly
- Completed reload, in  0.754 seconds
Platform modules already initialized, skipping
Refreshing native plugins compatible for Editor in 0.10 ms, found 0 plugins.
Preloading 0 native plugins for Editor in 0.00 ms.
Unloading 626 Unused Serialized files (Serialized files now loaded: 0)
System memory in use before: 41.6 MB.
System memory in use after: 41.7 MB.

Unloading 1 unused Assets to reduce memory usage. Loaded Objects now: 1069.
Total: 3.264943 ms (FindLiveObjects: 0.095450 ms CreateObjectMapping: 0.014900 ms MarkObjects: 3.092912 ms  DeleteObjects: 0.059701 ms)

========================================================================
Received Prepare
Registering precompiled user dll's ...
Registered in 0.000090 seconds.
Begin MonoManager ReloadAssembly
Native extension for LinuxStandalone target not found
Refreshing native plugins compatible for Editor in 0.14 ms, found 0 plugins.
Preloading 0 native plugins for Editor in 0.00 ms.
Invoked RoslynAnalysisRunner static constructor.
RoslynAnalysisRunner will not be running.
RoslynAnalysisRunner has terminated.
Mono: successfully reloaded assembly
- Completed reload, in  0.773 seconds
Platform modules already initialized, skipping
Refreshing native plugins compatible for Editor in 0.11 ms, found 0 plugins.
Preloading 0 native plugins for Editor in 0.00 ms.
Unloading 626 Unused Serialized files (Serialized files now loaded: 0)
System memory in use before: 41.8 MB.
System memory in use after: 41.8 MB.

Unloading 1 unused Assets to reduce memory usage. Loaded Objects now: 1069.
Total: 3.272883 ms (FindLiveObjects: 0.115850 ms CreateObjectMapping: 0.013970 ms MarkObjects: 3.076243 ms  DeleteObjects: 0.064650 ms)

========================================================================
Received Prepare
Registering precompiled user dll's ...
Registered in 0.000065 seconds.
Begin MonoManager ReloadAssembly
Native extension for LinuxStandalone target not found
Refreshing native plugins compatible for Editor in 0.15 ms, found 0 plugins.
Preloading 0 native plugins for Editor in 0.00 ms.
Invoked RoslynAnalysisRunner static constructor.
RoslynAnalysisRunner will not be running.
RoslynAnalysisRunner has terminated.
Mono: successfully reloaded assembly
- Completed reload, in  0.778 seconds
Platform modules already initialized, skipping
Refreshing native plugins compatible for Editor in 0.18 ms, found 0 plugins.
Preloading 0 native plugins for Editor in 0.00 ms.
Unloading 626 Unused Serialized files (Serialized files now loaded: 0)
System memory in use before: 41.9 MB.
System memory in use after: 41.9 MB.

Unloading 1 unused Assets to reduce memory usage. Loaded Objects now: 1069.
Total: 3.304533 ms (FindLiveObjects: 0.175281 ms CreateObjectMapping: 0.021720 ms MarkObjects: 3.053642 ms  DeleteObjects: 0.052250 ms)

